==============================================================================
20170922 13:01:17.602 - INFO - + START SUITE: Acceptancetest [ ]
==============================================================================
20170922 13:01:17.714 - INFO - +- START SUITE: Acceptancetest.TicTacToeTests [ ]
==============================================================================
20170922 13:01:17.726 - INFO - +-- START TEST: Win Diagonally as X [ ]
------------------------------------------------------------------------------
20170922 13:01:17.738 - INFO - +--- START KW: keywords.TicTacToeKeywords.Start New Game [ ]
20170922 13:01:17.754 - INFO - +--- END KW: keywords.TicTacToeKeywords.Start New Game (12)
~~~~~~~~~~~~~~~~~~~~~~~~~~~~~~~~~~~~~~~~~~~~~~~~~~~~~~~~~~~~~~~~~~~~~~~~~~~~~~
20170922 13:01:17.762 - INFO - +--- START KW: keywords.TicTacToeKeywords.Mark Location [ 1 | 1 ]
20170922 13:01:17.782 - INFO - +--- END KW: keywords.TicTacToeKeywords.Mark Location (16)
~~~~~~~~~~~~~~~~~~~~~~~~~~~~~~~~~~~~~~~~~~~~~~~~~~~~~~~~~~~~~~~~~~~~~~~~~~~~~~
20170922 13:01:17.786 - INFO - +--- START KW: Check Location [ 1 | 1 | X ]
20170922 13:01:17.798 - INFO - +---- START KW: keywords.TicTacToeKeywords.Get Mark [ ${row} | ${col} ]
20170922 13:01:17.810 - INFO - ${m} = X
20170922 13:01:17.818 - INFO - +---- END KW: keywords.TicTacToeKeywords.Get Mark (16)
20170922 13:01:17.818 - INFO - +---- START KW: BuiltIn.Should Be Equal [ ${m} | ${mark} ]
20170922 13:01:17.834 - INFO - +---- END KW: BuiltIn.Should Be Equal (12)
20170922 13:01:17.838 - INFO - +--- END KW: Check Location (52)
~~~~~~~~~~~~~~~~~~~~~~~~~~~~~~~~~~~~~~~~~~~~~~~~~~~~~~~~~~~~~~~~~~~~~~~~~~~~~~
20170922 13:01:17.842 - INFO - +--- START KW: keywords.TicTacToeKeywords.Mark Location [ 0 | 1 ]
20170922 13:01:17.854 - INFO - +--- END KW: keywords.TicTacToeKeywords.Mark Location (12)
~~~~~~~~~~~~~~~~~~~~~~~~~~~~~~~~~~~~~~~~~~~~~~~~~~~~~~~~~~~~~~~~~~~~~~~~~~~~~~
20170922 13:01:17.854 - INFO - +--- START KW: Check Location [ 0 | 1 | O ]
20170922 13:01:17.866 - INFO - +---- START KW: keywords.TicTacToeKeywords.Get Mark [ ${row} | ${col} ]
20170922 13:01:17.886 - INFO - ${m} = O
20170922 13:01:17.894 - INFO - +---- END KW: keywords.TicTacToeKeywords.Get Mark (24)
20170922 13:01:17.898 - INFO - +---- START KW: BuiltIn.Should Be Equal [ ${m} | ${mark} ]
20170922 13:01:17.922 - INFO - +---- END KW: BuiltIn.Should Be Equal (12)
20170922 13:01:17.942 - INFO - +--- END KW: Check Location (68)
~~~~~~~~~~~~~~~~~~~~~~~~~~~~~~~~~~~~~~~~~~~~~~~~~~~~~~~~~~~~~~~~~~~~~~~~~~~~~~
20170922 13:01:17.966 - INFO - +--- START KW: keywords.TicTacToeKeywords.Mark Location [ 0 | 0 ]
20170922 13:01:17.978 - INFO - +--- END KW: keywords.TicTacToeKeywords.Mark Location (12)
~~~~~~~~~~~~~~~~~~~~~~~~~~~~~~~~~~~~~~~~~~~~~~~~~~~~~~~~~~~~~~~~~~~~~~~~~~~~~~
20170922 13:01:17.982 - INFO - +--- START KW: Check Location [ 0 | 0 | X ]
20170922 13:01:17.990 - INFO - +---- START KW: keywords.TicTacToeKeywords.Get Mark [ ${row} | ${col} ]
20170922 13:01:18.014 - INFO - ${m} = X
20170922 13:01:18.018 - INFO - +---- END KW: keywords.TicTacToeKeywords.Get Mark (24)
20170922 13:01:18.022 - INFO - +---- START KW: BuiltIn.Should Be Equal [ ${m} | ${mark} ]
20170922 13:01:18.034 - INFO - +---- END KW: BuiltIn.Should Be Equal (8)
20170922 13:01:18.042 - INFO - +--- END KW: Check Location (56)
~~~~~~~~~~~~~~~~~~~~~~~~~~~~~~~~~~~~~~~~~~~~~~~~~~~~~~~~~~~~~~~~~~~~~~~~~~~~~~
20170922 13:01:18.046 - INFO - +--- START KW: keywords.TicTacToeKeywords.Mark Location [ 0 | 2 ]
20170922 13:01:18.058 - INFO - +--- END KW: keywords.TicTacToeKeywords.Mark Location (12)
~~~~~~~~~~~~~~~~~~~~~~~~~~~~~~~~~~~~~~~~~~~~~~~~~~~~~~~~~~~~~~~~~~~~~~~~~~~~~~
20170922 13:01:18.062 - INFO - +--- START KW: Check Location [ 0 | 2 | O ]
20170922 13:01:18.070 - INFO - +---- START KW: keywords.TicTacToeKeywords.Get Mark [ ${row} | ${col} ]
20170922 13:01:18.082 - INFO - ${m} = O
20170922 13:01:18.086 - INFO - +---- END KW: keywords.TicTacToeKeywords.Get Mark (12)
20170922 13:01:18.090 - INFO - +---- START KW: BuiltIn.Should Be Equal [ ${m} | ${mark} ]
20170922 13:01:18.102 - INFO - +---- END KW: BuiltIn.Should Be Equal (8)
20170922 13:01:18.106 - INFO - +--- END KW: Check Location (44)
~~~~~~~~~~~~~~~~~~~~~~~~~~~~~~~~~~~~~~~~~~~~~~~~~~~~~~~~~~~~~~~~~~~~~~~~~~~~~~
20170922 13:01:18.110 - INFO - +--- START KW: keywords.TicTacToeKeywords.Mark Location [ 2 | 2 ]
20170922 13:01:18.118 - INFO - +--- END KW: keywords.TicTacToeKeywords.Mark Location (12)
~~~~~~~~~~~~~~~~~~~~~~~~~~~~~~~~~~~~~~~~~~~~~~~~~~~~~~~~~~~~~~~~~~~~~~~~~~~~~~
20170922 13:01:18.122 - INFO - +--- START KW: Check Location [ 2 | 2 | X ]
20170922 13:01:18.134 - INFO - +---- START KW: keywords.TicTacToeKeywords.Get Mark [ ${row} | ${col} ]
20170922 13:01:18.142 - INFO - ${m} = X
20170922 13:01:18.150 - INFO - +---- END KW: keywords.TicTacToeKeywords.Get Mark (16)
20170922 13:01:18.150 - INFO - +---- START KW: BuiltIn.Should Be Equal [ ${m} | ${mark} ]
20170922 13:01:18.162 - INFO - +---- END KW: BuiltIn.Should Be Equal (12)
20170922 13:01:18.166 - INFO - +--- END KW: Check Location (44)
~~~~~~~~~~~~~~~~~~~~~~~~~~~~~~~~~~~~~~~~~~~~~~~~~~~~~~~~~~~~~~~~~~~~~~~~~~~~~~
20170922 13:01:18.170 - INFO - +--- START KW: Winner Should Be [ X ]
20170922 13:01:18.178 - INFO - +---- START KW: keywords.TicTacToeKeywords.Get Winner [ ]
20170922 13:01:18.190 - INFO - ${m} = X
20170922 13:01:18.198 - INFO - +---- END KW: keywords.TicTacToeKeywords.Get Winner (16)
20170922 13:01:18.198 - INFO - +---- START KW: BuiltIn.Should Be Equal [ ${m} | ${mark} ]
20170922 13:01:18.210 - INFO - +---- END KW: BuiltIn.Should Be Equal (12)
20170922 13:01:18.214 - INFO - +--- END KW: Winner Should Be (44)
------------------------------------------------------------------------------
20170922 13:01:18.226 - INFO - +-- END TEST: Win Diagonally as X (496)
------------------------------------------------------------------------------
20170922 13:01:18.234 - INFO - +-- START TEST: Win Horizontally as O [ ]
------------------------------------------------------------------------------
20170922 13:01:18.242 - INFO - +--- START KW: keywords.TicTacToeKeywords.Start New Game [ ]
20170922 13:01:18.250 - INFO - +--- END KW: keywords.TicTacToeKeywords.Start New Game (12)
~~~~~~~~~~~~~~~~~~~~~~~~~~~~~~~~~~~~~~~~~~~~~~~~~~~~~~~~~~~~~~~~~~~~~~~~~~~~~~
20170922 13:01:18.258 - INFO - +--- START KW: keywords.TicTacToeKeywords.Mark Location [ 1 | 1 ]
20170922 13:01:18.270 - INFO - +--- END KW: keywords.TicTacToeKeywords.Mark Location (16)
~~~~~~~~~~~~~~~~~~~~~~~~~~~~~~~~~~~~~~~~~~~~~~~~~~~~~~~~~~~~~~~~~~~~~~~~~~~~~~
20170922 13:01:18.274 - INFO - +--- START KW: Check Location [ 1 | 1 | X ]
20170922 13:01:18.282 - INFO - +---- START KW: keywords.TicTacToeKeywords.Get Mark [ ${row} | ${col} ]
20170922 13:01:18.290 - INFO - ${m} = X
20170922 13:01:18.298 - INFO - +---- END KW: keywords.TicTacToeKeywords.Get Mark (12)
20170922 13:01:18.298 - INFO - +---- START KW: BuiltIn.Should Be Equal [ ${m} | ${mark} ]
20170922 13:01:18.314 - INFO - +---- END KW: BuiltIn.Should Be Equal (12)
20170922 13:01:18.318 - INFO - +--- END KW: Check Location (48)
~~~~~~~~~~~~~~~~~~~~~~~~~~~~~~~~~~~~~~~~~~~~~~~~~~~~~~~~~~~~~~~~~~~~~~~~~~~~~~
20170922 13:01:18.322 - INFO - +--- START KW: keywords.TicTacToeKeywords.Mark Location [ 2 | 0 ]
20170922 13:01:18.334 - INFO - +--- END KW: keywords.TicTacToeKeywords.Mark Location (12)
~~~~~~~~~~~~~~~~~~~~~~~~~~~~~~~~~~~~~~~~~~~~~~~~~~~~~~~~~~~~~~~~~~~~~~~~~~~~~~
20170922 13:01:18.338 - INFO - +--- START KW: Check Location [ 2 | 0 | O ]
20170922 13:01:18.350 - INFO - +---- START KW: keywords.TicTacToeKeywords.Get Mark [ ${row} | ${col} ]
20170922 13:01:18.362 - INFO - ${m} = O
20170922 13:01:18.366 - INFO - +---- END KW: keywords.TicTacToeKeywords.Get Mark (12)
20170922 13:01:18.370 - INFO - +---- START KW: BuiltIn.Should Be Equal [ ${m} | ${mark} ]
20170922 13:01:18.378 - INFO - +---- END KW: BuiltIn.Should Be Equal (12)
20170922 13:01:18.382 - INFO - +--- END KW: Check Location (44)
~~~~~~~~~~~~~~~~~~~~~~~~~~~~~~~~~~~~~~~~~~~~~~~~~~~~~~~~~~~~~~~~~~~~~~~~~~~~~~
20170922 13:01:18.386 - INFO - +--- START KW: keywords.TicTacToeKeywords.Mark Location [ 0 | 0 ]
20170922 13:01:18.394 - INFO - +--- END KW: keywords.TicTacToeKeywords.Mark Location (4)
~~~~~~~~~~~~~~~~~~~~~~~~~~~~~~~~~~~~~~~~~~~~~~~~~~~~~~~~~~~~~~~~~~~~~~~~~~~~~~
20170922 13:01:18.398 - INFO - +--- START KW: Check Location [ 0 | 0 | X ]
20170922 13:01:18.406 - INFO - +---- START KW: keywords.TicTacToeKeywords.Get Mark [ ${row} | ${col} ]
20170922 13:01:18.414 - INFO - ${m} = X
20170922 13:01:18.418 - INFO - +---- END KW: keywords.TicTacToeKeywords.Get Mark (12)
20170922 13:01:18.422 - INFO - +---- START KW: BuiltIn.Should Be Equal [ ${m} | ${mark} ]
20170922 13:01:18.434 - INFO - +---- END KW: BuiltIn.Should Be Equal (12)
20170922 13:01:18.438 - INFO - +--- END KW: Check Location (44)
~~~~~~~~~~~~~~~~~~~~~~~~~~~~~~~~~~~~~~~~~~~~~~~~~~~~~~~~~~~~~~~~~~~~~~~~~~~~~~
20170922 13:01:18.442 - INFO - +--- START KW: keywords.TicTacToeKeywords.Mark Location [ 2 | 2 ]
20170922 13:01:18.450 - INFO - +--- END KW: keywords.TicTacToeKeywords.Mark Location (12)
~~~~~~~~~~~~~~~~~~~~~~~~~~~~~~~~~~~~~~~~~~~~~~~~~~~~~~~~~~~~~~~~~~~~~~~~~~~~~~
20170922 13:01:18.454 - INFO - +--- START KW: Check Location [ 2 | 2 | O ]
20170922 13:01:18.470 - INFO - +---- START KW: keywords.TicTacToeKeywords.Get Mark [ ${row} | ${col} ]
20170922 13:01:18.482 - INFO - ${m} = O
20170922 13:01:18.486 - INFO - +---- END KW: keywords.TicTacToeKeywords.Get Mark (12)
20170922 13:01:18.486 - INFO - +---- START KW: BuiltIn.Should Be Equal [ ${m} | ${mark} ]
20170922 13:01:18.498 - INFO - +---- END KW: BuiltIn.Should Be Equal (8)
20170922 13:01:18.502 - INFO - +--- END KW: Check Location (44)
~~~~~~~~~~~~~~~~~~~~~~~~~~~~~~~~~~~~~~~~~~~~~~~~~~~~~~~~~~~~~~~~~~~~~~~~~~~~~~
20170922 13:01:18.502 - INFO - +--- START KW: keywords.TicTacToeKeywords.Mark Location [ 0 | 2 ]
20170922 13:01:18.510 - INFO - +--- END KW: keywords.TicTacToeKeywords.Mark Location (8)
~~~~~~~~~~~~~~~~~~~~~~~~~~~~~~~~~~~~~~~~~~~~~~~~~~~~~~~~~~~~~~~~~~~~~~~~~~~~~~
20170922 13:01:18.514 - INFO - +--- START KW: Check Location [ 0 | 2 | X ]
20170922 13:01:18.522 - INFO - +---- START KW: keywords.TicTacToeKeywords.Get Mark [ ${row} | ${col} ]
20170922 13:01:18.530 - INFO - ${m} = X
20170922 13:01:18.534 - INFO - +---- END KW: keywords.TicTacToeKeywords.Get Mark (12)
20170922 13:01:18.538 - INFO - +---- START KW: BuiltIn.Should Be Equal [ ${m} | ${mark} ]
20170922 13:01:18.550 - INFO - +---- END KW: BuiltIn.Should Be Equal (12)
20170922 13:01:18.554 - INFO - +--- END KW: Check Location (40)
~~~~~~~~~~~~~~~~~~~~~~~~~~~~~~~~~~~~~~~~~~~~~~~~~~~~~~~~~~~~~~~~~~~~~~~~~~~~~~
20170922 13:01:18.558 - INFO - +--- START KW: keywords.TicTacToeKeywords.Mark Location [ 2 | 1 ]
20170922 13:01:18.562 - INFO - +--- END KW: keywords.TicTacToeKeywords.Mark Location (8)
~~~~~~~~~~~~~~~~~~~~~~~~~~~~~~~~~~~~~~~~~~~~~~~~~~~~~~~~~~~~~~~~~~~~~~~~~~~~~~
20170922 13:01:18.566 - INFO - +--- START KW: Check Location [ 2 | 1 | O ]
20170922 13:01:18.574 - INFO - +---- START KW: keywords.TicTacToeKeywords.Get Mark [ ${row} | ${col} ]
20170922 13:01:18.582 - INFO - ${m} = O
20170922 13:01:18.586 - INFO - +---- END KW: keywords.TicTacToeKeywords.Get Mark (12)
20170922 13:01:18.586 - INFO - +---- START KW: BuiltIn.Should Be Equal [ ${m} | ${mark} ]
20170922 13:01:18.594 - INFO - +---- END KW: BuiltIn.Should Be Equal (8)
20170922 13:01:18.598 - INFO - +--- END KW: Check Location (32)
~~~~~~~~~~~~~~~~~~~~~~~~~~~~~~~~~~~~~~~~~~~~~~~~~~~~~~~~~~~~~~~~~~~~~~~~~~~~~~
20170922 13:01:18.602 - INFO - +--- START KW: Winner Should Be [ O ]
20170922 13:01:18.606 - INFO - +---- START KW: keywords.TicTacToeKeywords.Get Winner [ ]
20170922 13:01:18.614 - INFO - ${m} = O
20170922 13:01:18.614 - INFO - +---- END KW: keywords.TicTacToeKeywords.Get Winner (8)
20170922 13:01:18.618 - INFO - +---- START KW: BuiltIn.Should Be Equal [ ${m} | ${mark} ]
20170922 13:01:18.626 - INFO - +---- END KW: BuiltIn.Should Be Equal (8)
20170922 13:01:18.630 - INFO - +--- END KW: Winner Should Be (28)
------------------------------------------------------------------------------
20170922 13:01:18.634 - INFO - +-- END TEST: Win Horizontally as O (400)
------------------------------------------------------------------------------
20170922 13:01:18.638 - INFO - +-- START TEST: Force a Tie [ ]
------------------------------------------------------------------------------
20170922 13:01:18.646 - INFO - +--- START KW: keywords.TicTacToeKeywords.Start New Game [ ]
20170922 13:01:18.658 - INFO - +--- END KW: keywords.TicTacToeKeywords.Start New Game (8)
~~~~~~~~~~~~~~~~~~~~~~~~~~~~~~~~~~~~~~~~~~~~~~~~~~~~~~~~~~~~~~~~~~~~~~~~~~~~~~
20170922 13:01:18.658 - INFO - +--- START KW: keywords.TicTacToeKeywords.Mark Location [ 1 | 1 ]
20170922 13:01:18.670 - INFO - +--- END KW: keywords.TicTacToeKeywords.Mark Location (12)
~~~~~~~~~~~~~~~~~~~~~~~~~~~~~~~~~~~~~~~~~~~~~~~~~~~~~~~~~~~~~~~~~~~~~~~~~~~~~~
20170922 13:01:18.682 - INFO - +--- START KW: Check Location [ 1 | 1 | X ]
20170922 13:01:18.698 - INFO - +---- START KW: keywords.TicTacToeKeywords.Get Mark [ ${row} | ${col} ]
20170922 13:01:18.706 - INFO - ${m} = X
20170922 13:01:18.714 - INFO - +---- END KW: keywords.TicTacToeKeywords.Get Mark (12)
20170922 13:01:18.718 - INFO - +---- START KW: BuiltIn.Should Be Equal [ ${m} | ${mark} ]
20170922 13:01:18.730 - INFO - +---- END KW: BuiltIn.Should Be Equal (12)
20170922 13:01:18.734 - INFO - +--- END KW: Check Location (48)
~~~~~~~~~~~~~~~~~~~~~~~~~~~~~~~~~~~~~~~~~~~~~~~~~~~~~~~~~~~~~~~~~~~~~~~~~~~~~~
20170922 13:01:18.738 - INFO - +--- START KW: keywords.TicTacToeKeywords.Mark Location [ 0 | 0 ]
20170922 13:01:18.746 - INFO - +--- END KW: keywords.TicTacToeKeywords.Mark Location (8)
~~~~~~~~~~~~~~~~~~~~~~~~~~~~~~~~~~~~~~~~~~~~~~~~~~~~~~~~~~~~~~~~~~~~~~~~~~~~~~
20170922 13:01:18.750 - INFO - +--- START KW: Check Location [ 0 | 0 | O ]
20170922 13:01:18.758 - INFO - +---- START KW: keywords.TicTacToeKeywords.Get Mark [ ${row} | ${col} ]
20170922 13:01:18.770 - INFO - ${m} = O
20170922 13:01:18.774 - INFO - +---- END KW: keywords.TicTacToeKeywords.Get Mark (12)
20170922 13:01:18.774 - INFO - +---- START KW: BuiltIn.Should Be Equal [ ${m} | ${mark} ]
20170922 13:01:18.786 - INFO - +---- END KW: BuiltIn.Should Be Equal (12)
20170922 13:01:18.790 - INFO - +--- END KW: Check Location (36)
~~~~~~~~~~~~~~~~~~~~~~~~~~~~~~~~~~~~~~~~~~~~~~~~~~~~~~~~~~~~~~~~~~~~~~~~~~~~~~
20170922 13:01:18.790 - INFO - +--- START KW: keywords.TicTacToeKeywords.Mark Location [ 2 | 0 ]
20170922 13:01:18.802 - INFO - +--- END KW: keywords.TicTacToeKeywords.Mark Location (8)
~~~~~~~~~~~~~~~~~~~~~~~~~~~~~~~~~~~~~~~~~~~~~~~~~~~~~~~~~~~~~~~~~~~~~~~~~~~~~~
20170922 13:01:18.802 - INFO - +--- START KW: Check Location [ 2 | 0 | X ]
20170922 13:01:18.810 - INFO - +---- START KW: keywords.TicTacToeKeywords.Get Mark [ ${row} | ${col} ]
20170922 13:01:18.818 - INFO - ${m} = X
20170922 13:01:18.822 - INFO - +---- END KW: keywords.TicTacToeKeywords.Get Mark (12)
20170922 13:01:18.826 - INFO - +---- START KW: BuiltIn.Should Be Equal [ ${m} | ${mark} ]
20170922 13:01:18.834 - INFO - +---- END KW: BuiltIn.Should Be Equal (8)
20170922 13:01:18.838 - INFO - +--- END KW: Check Location (36)
~~~~~~~~~~~~~~~~~~~~~~~~~~~~~~~~~~~~~~~~~~~~~~~~~~~~~~~~~~~~~~~~~~~~~~~~~~~~~~
20170922 13:01:18.842 - INFO - +--- START KW: keywords.TicTacToeKeywords.Mark Location [ 0 | 2 ]
20170922 13:01:18.850 - INFO - +--- END KW: keywords.TicTacToeKeywords.Mark Location (4)
~~~~~~~~~~~~~~~~~~~~~~~~~~~~~~~~~~~~~~~~~~~~~~~~~~~~~~~~~~~~~~~~~~~~~~~~~~~~~~
20170922 13:01:18.850 - INFO - +--- START KW: Check Location [ 0 | 2 | O ]
20170922 13:01:18.858 - INFO - +---- START KW: keywords.TicTacToeKeywords.Get Mark [ ${row} | ${col} ]
20170922 13:01:18.862 - INFO - ${m} = O
20170922 13:01:18.866 - INFO - +---- END KW: keywords.TicTacToeKeywords.Get Mark (8)
20170922 13:01:18.870 - INFO - +---- START KW: BuiltIn.Should Be Equal [ ${m} | ${mark} ]
20170922 13:01:18.878 - INFO - +---- END KW: BuiltIn.Should Be Equal (8)
20170922 13:01:18.882 - INFO - +--- END KW: Check Location (32)
~~~~~~~~~~~~~~~~~~~~~~~~~~~~~~~~~~~~~~~~~~~~~~~~~~~~~~~~~~~~~~~~~~~~~~~~~~~~~~
20170922 13:01:18.886 - INFO - +--- START KW: keywords.TicTacToeKeywords.Mark Location [ 0 | 1 ]
20170922 13:01:18.894 - INFO - +--- END KW: keywords.TicTacToeKeywords.Mark Location (8)
~~~~~~~~~~~~~~~~~~~~~~~~~~~~~~~~~~~~~~~~~~~~~~~~~~~~~~~~~~~~~~~~~~~~~~~~~~~~~~
20170922 13:01:18.898 - INFO - +--- START KW: Check Location [ 0 | 1 | X ]
20170922 13:01:18.902 - INFO - +---- START KW: keywords.TicTacToeKeywords.Get Mark [ ${row} | ${col} ]
20170922 13:01:18.910 - INFO - ${m} = X
20170922 13:01:18.914 - INFO - +---- END KW: keywords.TicTacToeKeywords.Get Mark (12)
20170922 13:01:18.918 - INFO - +---- START KW: BuiltIn.Should Be Equal [ ${m} | ${mark} ]
20170922 13:01:18.926 - INFO - +---- END KW: BuiltIn.Should Be Equal (8)
20170922 13:01:18.926 - INFO - +--- END KW: Check Location (32)
~~~~~~~~~~~~~~~~~~~~~~~~~~~~~~~~~~~~~~~~~~~~~~~~~~~~~~~~~~~~~~~~~~~~~~~~~~~~~~
20170922 13:01:18.930 - INFO - +--- START KW: keywords.TicTacToeKeywords.Mark Location [ 2 | 1 ]
20170922 13:01:18.934 - INFO - +--- END KW: keywords.TicTacToeKeywords.Mark Location (4)
~~~~~~~~~~~~~~~~~~~~~~~~~~~~~~~~~~~~~~~~~~~~~~~~~~~~~~~~~~~~~~~~~~~~~~~~~~~~~~
20170922 13:01:18.938 - INFO - +--- START KW: Check Location [ 2 | 1 | O ]
20170922 13:01:18.946 - INFO - +---- START KW: keywords.TicTacToeKeywords.Get Mark [ ${row} | ${col} ]
20170922 13:01:18.954 - INFO - ${m} = O
20170922 13:01:18.954 - INFO - +---- END KW: keywords.TicTacToeKeywords.Get Mark (12)
20170922 13:01:18.958 - INFO - +---- START KW: BuiltIn.Should Be Equal [ ${m} | ${mark} ]
20170922 13:01:18.966 - INFO - +---- END KW: BuiltIn.Should Be Equal (8)
20170922 13:01:18.970 - INFO - +--- END KW: Check Location (32)
~~~~~~~~~~~~~~~~~~~~~~~~~~~~~~~~~~~~~~~~~~~~~~~~~~~~~~~~~~~~~~~~~~~~~~~~~~~~~~
20170922 13:01:18.974 - INFO - +--- START KW: keywords.TicTacToeKeywords.Mark Location [ 1 | 2 ]
20170922 13:01:18.978 - INFO - +--- END KW: keywords.TicTacToeKeywords.Mark Location (4)
~~~~~~~~~~~~~~~~~~~~~~~~~~~~~~~~~~~~~~~~~~~~~~~~~~~~~~~~~~~~~~~~~~~~~~~~~~~~~~
20170922 13:01:18.983 - INFO - +--- START KW: Check Location [ 1 | 2 | X ]
20170922 13:01:18.986 - INFO - +---- START KW: keywords.TicTacToeKeywords.Get Mark [ ${row} | ${col} ]
20170922 13:01:18.994 - INFO - ${m} = X
20170922 13:01:18.994 - INFO - +---- END KW: keywords.TicTacToeKeywords.Get Mark (8)
20170922 13:01:18.998 - INFO - +---- START KW: BuiltIn.Should Be Equal [ ${m} | ${mark} ]
20170922 13:01:19.006 - INFO - +---- END KW: BuiltIn.Should Be Equal (4)
20170922 13:01:19.010 - INFO - +--- END KW: Check Location (23)
~~~~~~~~~~~~~~~~~~~~~~~~~~~~~~~~~~~~~~~~~~~~~~~~~~~~~~~~~~~~~~~~~~~~~~~~~~~~~~
20170922 13:01:19.010 - INFO - +--- START KW: keywords.TicTacToeKeywords.Mark Location [ 1 | 0 ]
20170922 13:01:19.019 - INFO - +--- END KW: keywords.TicTacToeKeywords.Mark Location (9)
~~~~~~~~~~~~~~~~~~~~~~~~~~~~~~~~~~~~~~~~~~~~~~~~~~~~~~~~~~~~~~~~~~~~~~~~~~~~~~
20170922 13:01:19.023 - INFO - +--- START KW: Check Location [ 1 | 0 | O ]
20170922 13:01:19.031 - INFO - +---- START KW: keywords.TicTacToeKeywords.Get Mark [ ${row} | ${col} ]
20170922 13:01:19.039 - INFO - ${m} = O
20170922 13:01:19.043 - INFO - +---- END KW: keywords.TicTacToeKeywords.Get Mark (8)
20170922 13:01:19.043 - INFO - +---- START KW: BuiltIn.Should Be Equal [ ${m} | ${mark} ]
20170922 13:01:19.051 - INFO - +---- END KW: BuiltIn.Should Be Equal (8)
20170922 13:01:19.055 - INFO - +--- END KW: Check Location (32)
~~~~~~~~~~~~~~~~~~~~~~~~~~~~~~~~~~~~~~~~~~~~~~~~~~~~~~~~~~~~~~~~~~~~~~~~~~~~~~
20170922 13:01:19.059 - INFO - +--- START KW: keywords.TicTacToeKeywords.Mark Location [ 2 | 2 ]
20170922 13:01:19.067 - INFO - +--- END KW: keywords.TicTacToeKeywords.Mark Location (4)
~~~~~~~~~~~~~~~~~~~~~~~~~~~~~~~~~~~~~~~~~~~~~~~~~~~~~~~~~~~~~~~~~~~~~~~~~~~~~~
20170922 13:01:19.071 - INFO - +--- START KW: Check Location [ 2 | 2 | X ]
20170922 13:01:19.075 - INFO - +---- START KW: keywords.TicTacToeKeywords.Get Mark [ ${row} | ${col} ]
20170922 13:01:19.083 - INFO - ${m} = X
20170922 13:01:19.087 - INFO - +---- END KW: keywords.TicTacToeKeywords.Get Mark (12)
20170922 13:01:19.091 - INFO - +---- START KW: BuiltIn.Should Be Equal [ ${m} | ${mark} ]
20170922 13:01:19.099 - INFO - +---- END KW: BuiltIn.Should Be Equal (8)
20170922 13:01:19.103 - INFO - +--- END KW: Check Location (36)
~~~~~~~~~~~~~~~~~~~~~~~~~~~~~~~~~~~~~~~~~~~~~~~~~~~~~~~~~~~~~~~~~~~~~~~~~~~~~~
20170922 13:01:19.107 - INFO - +--- START KW: Winner Should Be [ TIE ]
20170922 13:01:19.111 - INFO - +---- START KW: keywords.TicTacToeKeywords.Get Winner [ ]
20170922 13:01:19.119 - INFO - ${m} = TIE
20170922 13:01:19.123 - INFO - +---- END KW: keywords.TicTacToeKeywords.Get Winner (8)
20170922 13:01:19.123 - INFO - +---- START KW: BuiltIn.Should Be Equal [ ${m} | ${mark} ]
20170922 13:01:19.135 - INFO - +---- END KW: BuiltIn.Should Be Equal (8)
20170922 13:01:19.135 - INFO - +--- END KW: Winner Should Be (28)
------------------------------------------------------------------------------
20170922 13:01:19.147 - INFO - +-- END TEST: Force a Tie (501)
------------------------------------------------------------------------------
20170922 13:01:19.207 - INFO - +- END SUITE: Acceptancetest.TicTacToeTests (1549)
==============================================================================
20170922 13:01:19.275 - INFO - + END SUITE: Acceptancetest (2242)
==============================================================================
